ď»ż
> goalsfloors-v2@0.1.0 build
> next build

Î“Ă»â–“ Next.js 16.2.0 (Turbopack)
- Environments: .env.local, .env

node.exe : Î“ĂśĂˇ The "middleware" file convention is deprecated. Please use "proxy" instead. Learn more: 
https://nextjs.org/docs/messages/middleware-to-proxy
At line:1 char:1
+ & "C:\Program Files\nodejs/node.exe" "C:\Program Files\nodejs/node_mo ...
+ ~~~~~~~~~~~~~~~~~~~~~~~~~~~~~~~~~~~~~~~~~~~~~~~~~~~~~~~~~~~~~~~~~~~~~
    + CategoryInfo          : NotSpecified: (Î“ĂśĂˇ The "middle...leware-to-proxy:String) [], RemoteException
    + FullyQualifiedErrorId : NativeCommandError
 
  Creating an optimized production build ...
Î“ÂŁĂ´ Compiled successfully in 21.0s
  Running TypeScript ...
  Finished TypeScript in 50s ...
  Collecting page data using 7 workers ...
  Generating static pages using 7 workers (0/32) ...
  Generating static pages using 7 workers (8/32) 
  Generating static pages using 7 workers (16/32) 
CRITICAL: Error fetching sitemap data: [TypeError: fetch failed] {
  [cause]: Error [ConnectTimeoutError]: Connect Timeout Error (attempted addresses: 88.222.243.161:443, timeout: 
10000ms)
      at ignore-listed frames {
    code: 'UND_ERR_CONNECT_TIMEOUT'
  }
}
  Generating static pages using 7 workers (24/32) 
Error fetching site_stats: {
  code: 'PGRST205',
  details: null,
  hint: null,
  message: "Could not find the table 'public.site_stats' in the schema cache"
}
Î“ÂŁĂ´ Generating static pages using 7 workers (32/32) in 33.5s
  Finalizing page optimization ...

Route (app)                           Revalidate  Expire
Î“Ă¶Ă® Î“ĂąĂŻ /
Î“Ă¶ÂŁ Î“ĂąĂŻ /_not-found
Î“Ă¶ÂŁ Î“ĂąĂŻ /about
Î“Ă¶ÂŁ â•žĂ† /admin
Î“Ă¶ÂŁ â•žĂ† /admin/analytics
Î“Ă¶ÂŁ â•žĂ† /admin/blogs
Î“Ă¶ÂŁ â•žĂ† /admin/database
Î“Ă¶ÂŁ â•žĂ† /admin/dynamic-products
Î“Ă¶ÂŁ â•žĂ† /admin/gmc
Î“Ă¶ÂŁ â•žĂ† /admin/gsc
Î“Ă¶ÂŁ â•žĂ† /admin/installed-images
Î“Ă¶ÂŁ â•žĂ† /admin/team
Î“Ă¶ÂŁ â•žĂ† /api/chat-ai
Î“Ă¶ÂŁ â•žĂ† /api/dealer-inquiry
Î“Ă¶ÂŁ â•žĂ† /api/product-feed
Î“Ă¶ÂŁ â•žĂ† /api/send
Î“Ă¶ÂŁ â•žĂ† /api/webhooks/clerk
Î“Ă¶ÂŁ Î“ĂąĂŻ /apple-icon.png
Î“Ă¶ÂŁ â•žĂ† /blogs
Î“Ă¶ÂŁ â•žĂ† /blogs/[slug]
Î“Ă¶ÂŁ Î“ĂąĂŻ /contact
Î“Ă¶ÂŁ Î“ĂąĂŻ /dealer
Î“Ă¶ÂŁ Î“ĂąĂŻ /icon.png
Î“Ă¶ÂŁ Î“ĂąĂŻ /icon.svg
Î“Ă¶ÂŁ Î“ĂąĂŻ /multiverse
Î“Ă¶ÂŁ â•žĂ† /multiverse/[category]/[variant]
Î“Ă¶ÂŁ Î“ĂąĂŻ /privacy
Î“Ă¶ÂŁ Î“ĂąĂŻ /products
Î“Ă¶ÂŁ â•žĂ† /products/[slug]
Î“Ă¶ÂŁ Î“ĂąĂŻ /robots.txt
Î“Ă¶ÂŁ Î“ĂąĂŻ /sitemap.xml                              1h      1y
Î“Ă¶ÂŁ Î“ĂąĂŻ /terms
Î“Ă¶ÂŁ Î“ĂąĂŻ /test-visualizer
Î“Ă¶Ă¶ Î“ĂąĂŻ /write-blog


â•žĂ† Proxy (Middleware)

Î“ĂąĂŻ  (Static)   prerendered as static content
â•žĂ†  (Dynamic)  server-rendered on demand

